# JRE version: OpenJDK Runtime Environment (11.0.15) (build 11.0.15+0-b2043.56-8887301)
# Java VM: OpenJDK 64-Bit Server VM (11.0.15+0-b2043.56-8887301, mixed mode, tiered, compressed oops, g1 gc, windows-amd64)
Heap:
 garbage-first heap   total 270336K, used 156657K [0x0000000080000000, 0x0000000100000000)
  region size 1024K, 15 young (15360K), 6 survivors (6144K)
 Metaspace       used 132365K, capacity 136538K, committed 138140K, reserved 1169408K
  class space    used 16908K, capacity 18558K, committed 19224K, reserved 1048576K
GC Heap History (20 events):
Event: 604.048 GC heap before
{Heap before GC invocations=51 (full 0):
 garbage-first heap   total 270336K, used 216670K [0x0000000080000000, 0x0000000100000000)
  region size 1024K, 38 young (38912K), 2 survivors (2048K)
 Metaspace       used 127997K, capacity 132140K, committed 134172K, reserved 1165312K
  class space    used 16666K, capacity 18283K, committed 19096K, reserved 1048576K
}
Event: 604.054 GC heap after
{Heap after GC invocations=52 (full 0):
 garbage-first heap   total 270336K, used 166178K [0x0000000080000000, 0x0000000100000000)
  region size 1024K, 5 young (5120K), 5 survivors (5120K)
 Metaspace       used 127997K, capacity 132140K, committed 134172K, reserved 1165312K
  class space    used 16666K, capacity 18283K, committed 19096K, reserved 1048576K
}
Event: 604.104 GC heap before
{Heap before GC invocations=52 (full 0):
 garbage-first heap   total 270336K, used 174370K [0x0000000080000000, 0x0000000100000000)
  region size 1024K, 13 young (13312K), 5 survivors (5120K)
 Metaspace       used 128019K, capacity 132140K, committed 134172K, reserved 1165312K
  class space    used 16666K, capacity 18283K, committed 19096K, reserved 1048576K
}
Event: 604.111 GC heap after
{Heap after GC invocations=53 (full 0):
 garbage-first heap   total 270336K, used 166012K [0x0000000080000000, 0x0000000100000000)
  region size 1024K, 2 young (2048K), 2 survivors (2048K)
 Metaspace       used 128019K, capacity 132140K, committed 134172K, reserved 1165312K
  class space    used 16666K, capacity 18283K, committed 19096K, reserved 1048576K
}
Event: 604.435 GC heap before
{Heap before GC invocations=53 (full 0):
 garbage-first heap   total 270336K, used 203900K [0x0000000080000000, 0x0000000100000000)
  region size 1024K, 40 young (40960K), 2 survivors (2048K)
 Metaspace       used 130243K, capacity 134388K, committed 136348K, reserved 1167360K
  class space    used 16847K, capacity 18475K, committed 19224K, reserved 1048576K
}
Event: 604.441 GC heap after
{Heap after GC invocations=54 (full 0):
 garbage-first heap   total 270336K, used 168530K [0x0000000080000000, 0x0000000100000000)
  region size 1024K, 5 young (5120K), 5 survivors (5120K)
 Metaspace       used 130243K, capacity 134388K, committed 136348K, reserved 1167360K
  class space    used 16847K, capacity 18475K, committed 19224K, reserved 1048576K
}
Event: 605.774 GC heap before
{Heap before GC invocations=55 (full 0):
 garbage-first heap   total 270336K, used 194130K [0x0000000080000000, 0x0000000100000000)
  region size 1024K, 45 young (46080K), 5 survivors (5120K)
 Metaspace       used 130316K, capacity 134454K, committed 136348K, reserved 1167360K
  class space    used 16847K, capacity 18475K, committed 19224K, reserved 1048576K
}
Event: 605.783 GC heap after
{Heap after GC invocations=56 (full 0):
 garbage-first heap   total 270336K, used 159273K [0x0000000080000000, 0x0000000100000000)
  region size 1024K, 6 young (6144K), 6 survivors (6144K)
 Metaspace       used 130316K, capacity 134454K, committed 136348K, reserved 1167360K
  class space    used 16847K, capacity 18475K, committed 19224K, reserved 1048576K
}
Event: 605.792 GC heap before
{Heap before GC invocations=56 (full 0):
 garbage-first heap   total 270336K, used 165417K [0x0000000080000000, 0x0000000100000000)
  region size 1024K, 13 young (13312K), 6 survivors (6144K)
 Metaspace       used 130323K, capacity 134454K, committed 136348K, reserved 1167360K
  class space    used 16847K, capacity 18475K, committed 19224K, reserved 1048576K
}
Event: 605.806 GC heap after
{Heap after GC invocations=57 (full 0):
 garbage-first heap   total 270336K, used 146629K [0x0000000080000000, 0x0000000100000000)
  region size 1024K, 1 young (1024K), 1 survivors (1024K)
 Metaspace       used 130323K, capacity 134454K, committed 136348K, reserved 1167360K
  class space    used 16847K, capacity 18475K, committed 19224K, reserved 1048576K
}
Event: 610.812 GC heap before
{Heap before GC invocations=57 (full 0):
 garbage-first heap   total 270336K, used 172229K [0x0000000080000000, 0x0000000100000000)
  region size 1024K, 28 young (28672K), 1 survivors (1024K)
 Metaspace       used 130411K, capacity 134473K, committed 136348K, reserved 1167360K
  class space    used 16849K, capacity 18479K, committed 19224K, reserved 1048576K
}
Event: 610.818 GC heap after
{Heap after GC invocations=58 (full 0):
 garbage-first heap   total 270336K, used 146739K [0x0000000080000000, 0x0000000100000000)
  region size 1024K, 2 young (2048K), 2 survivors (2048K)
 Metaspace       used 130411K, capacity 134473K, committed 136348K, reserved 1167360K
  class space    used 16849K, capacity 18479K, committed 19224K, reserved 1048576K
}
Event: 610.992 GC heap before
{Heap before GC invocations=58 (full 0):
 garbage-first heap   total 270336K, used 208179K [0x0000000080000000, 0x0000000100000000)
  region size 1024K, 59 young (60416K), 2 survivors (2048K)
 Metaspace       used 130964K, capacity 135103K, committed 136860K, reserved 1167360K
  class space    used 16888K, capacity 18528K, committed 19224K, reserved 1048576K
}
Event: 611.019 GC heap after
{Heap after GC invocations=59 (full 0):
 garbage-first heap   total 270336K, used 155183K [0x0000000080000000, 0x0000000100000000)
  region size 1024K, 8 young (8192K), 8 survivors (8192K)
 Metaspace       used 130964K, capacity 135103K, committed 136860K, reserved 1167360K
  class space    used 16888K, capacity 18528K, committed 19224K, reserved 1048576K
}
Event: 611.341 GC heap before
{Heap before GC invocations=60 (full 0):
 garbage-first heap   total 270336K, used 210479K [0x0000000080000000, 0x0000000100000000)
  region size 1024K, 62 young (63488K), 8 survivors (8192K)
 Metaspace       used 131814K, capacity 136005K, committed 137884K, reserved 1167360K
  class space    used 16889K, capacity 18529K, committed 19224K, reserved 1048576K
}
Event: 611.345 GC heap after
{Heap after GC invocations=61 (full 0):
 garbage-first heap   total 270336K, used 152295K [0x0000000080000000, 0x0000000100000000)
  region size 1024K, 2 young (2048K), 2 survivors (2048K)
 Metaspace       used 131814K, capacity 136005K, committed 137884K, reserved 1167360K
  class space    used 16889K, capacity 18529K, committed 19224K, reserved 1048576K
}
Event: 871.077 GC heap before
{Heap before GC invocations=61 (full 0):
 garbage-first heap   total 270336K, used 183015K [0x0000000080000000, 0x0000000100000000)
  region size 1024K, 13 young (13312K), 2 survivors (2048K)
 Metaspace       used 131898K, capacity 136073K, committed 137884K, reserved 1167360K
  class space    used 16891K, capacity 18529K, committed 19224K, reserved 1048576K
}
Event: 871.093 GC heap after
{Heap after GC invocations=62 (full 0):
 garbage-first heap   total 270336K, used 144859K [0x0000000080000000, 0x0000000100000000)
  region size 1024K, 1 young (1024K), 1 survivors (1024K)
 Metaspace       used 131898K, capacity 136073K, committed 137884K, reserved 1167360K
  class space    used 16891K, capacity 18529K, committed 19224K, reserved 1048576K
}
Event: 2027.188 GC heap before
{Heap before GC invocations=62 (full 0):
 garbage-first heap   total 270336K, used 209371K [0x0000000080000000, 0x0000000100000000)
  region size 1024K, 65 young (66560K), 1 survivors (1024K)
 Metaspace       used 132279K, capacity 136455K, committed 138140K, reserved 1169408K
  class space    used 16906K, capacity 18555K, committed 19224K, reserved 1048576K
}
Event: 2027.289 GC heap after
{Heap after GC invocations=63 (full 0):
 garbage-first heap   total 270336K, used 149489K [0x0000000080000000, 0x0000000100000000)
  region size 1024K, 6 young (6144K), 6 survivors (6144K)
 Metaspace       used 132279K, capacity 136455K, committed 138140K, reserved 1169408K
  class space    used 16906K, capacity 18555K, committed 19224K, reserved 1048576K
}

